Device: cuda
================================================================================
Phase 3 Enhanced Training - Steele Dataset (LOSO)
================================================================================
Subjects: NIS001, NIS002, NIS003, NIS004, NIS005, NIS006, NIS007, NIS008, NIS009, NIS010
Total: 10 subjects
================================================================================
LOSO Subjects:   0%|          | 0/10 [00:00<?, ?it/s]
================================================================================
Test Subject: NIS001
================================================================================
LOSO Subjects:   0%|          | 0/10 [00:00<?, ?it/s]
Traceback (most recent call last):
  File "/home/supermicro/spine_reg_2/lorentz_tcnet/scripts/train_loso_enhanced.py", line 251, in <module>
    main()
    ~~~~^^
  File "/home/supermicro/spine_reg_2/lorentz_tcnet/scripts/train_loso_enhanced.py", line 217, in main
    result = train_one_subject(
        subject_id=subject_id,
    ...<3 lines>...
        num_epochs=50
    )
  File "/home/supermicro/spine_reg_2/lorentz_tcnet/scripts/train_loso_enhanced.py", line 83, in train_one_subject
    eeg, esg, emg, labels = load_subject_data(data_dir, subj)
                            ~~~~~~~~~~~~~~~~~^^^^^^^^^^^^^^^^
  File "/home/supermicro/spine_reg_2/lorentz_tcnet/scripts/train_loso_enhanced.py", line 62, in load_subject_data
    eeg = np.load(eeg_path)
  File "/home/supermicro/anaconda3/lib/python3.13/site-packages/numpy/lib/_npyio_impl.py", line 459, in load
    fid = stack.enter_context(open(os.fspath(file), "rb"))
                              ~~~~^^^^^^^^^^^^^^^^^^^^^^^
FileNotFoundError: [Errno 2] No such file or directory: '/home/supermicro/spine_reg_2/lorentz_tcnet/data/steele/NIS002_eeg.npy'
